{
  "RSpec": {
    "coverage": {
      "/Users/sleazypete/turing_work/3mod/projects/whether_sweater/whether_sweater/spec/api/v0/requests/forecast_request_spec.rb": {
        "lines": [
          1,
          null,
          1,
          1,
          5,
          5,
          null,
          5,
          5,
          5,
          5,
          null,
          null,
          1,
          1,
          1,
          1,
          1,
          1,
          null,
          null,
          1,
          1,
          1,
          1,
          null,
          null,
          1,
          1,
          null,
          1,
          null,
          1,
          1,
          null,
          1,
          1,
          null,
          1,
          1,
          null,
          1,
          1,
          null,
          1,
          1,
          null,
          1,
          1,
          null,
          1,
          1,
          null,
          1,
          1,
          null,
          1,
          1,
          1,
          null,
          null,
          1,
          1,
          1,
          1,
          null,
          1,
          5,
          5,
          null,
          5,
          5,
          null,
          5,
          5,
          null,
          5,
          5,
          null,
          5,
          5,
          null,
          5,
          5,
          null,
          5,
          5,
          null,
          5,
          5,
          5,
          null,
          null,
          null,
          1,
          1,
          1,
          1,
          null,
          1,
          24,
          24,
          null,
          24,
          24,
          null,
          24,
          24,
          null,
          24,
          24,
          null,
          24,
          24,
          24,
          null,
          null,
          null,
          null,
          null
        ]
      },
      "/Users/sleazypete/turing_work/3mod/projects/whether_sweater/whether_sweater/spec/rails_helper.rb": {
        "lines": [
          null,
          1,
          null,
          1,
          1,
          1,
          null,
          1,
          1,
          null,
          null,
          null,
          null,
          null,
          null,
          null,
          null,
          null,
          null,
          null,
          null,
          null,
          null,
          null,
          null,
          null,
          null,
          null,
          null,
          1,
          null,
          0,
          null,
          1,
          null,
          1,
          null,
          null,
          null,
          null,
          1,
          null,
          null,
          null,
          null,
          null,
          null,
          null,
          null,
          null,
          null,
          null,
          null,
          null,
          null,
          null,
          null,
          null,
          1,
          null,
          null,
          1,
          null,
          null,
          null
        ]
      },
      "/Users/sleazypete/turing_work/3mod/projects/whether_sweater/whether_sweater/config/environment.rb": {
        "lines": [
          null,
          1,
          null,
          null,
          1
        ]
      },
      "/Users/sleazypete/turing_work/3mod/projects/whether_sweater/whether_sweater/config/application.rb": {
        "lines": [
          1,
          null,
          1,
          null,
          null,
          null,
          1,
          null,
          1,
          1,
          null,
          1,
          null,
          null,
          null,
          null,
          null,
          null,
          null,
          null,
          null,
          null,
          null,
          null,
          1,
          null,
          null
        ]
      },
      "/Users/sleazypete/turing_work/3mod/projects/whether_sweater/whether_sweater/config/boot.rb": {
        "lines": [
          1,
          null,
          1,
          1
        ]
      },
      "/Users/sleazypete/turing_work/3mod/projects/whether_sweater/whether_sweater/config/environments/test.rb": {
        "lines": [
          1,
          null,
          null,
          null,
          null,
          null,
          null,
          1,
          null,
          null,
          null,
          1,
          null,
          null,
          null,
          null,
          1,
          null,
          null,
          1,
          1,
          null,
          null,
          null,
          null,
          1,
          1,
          1,
          null,
          null,
          1,
          null,
          null,
          1,
          null,
          null,
          1,
          null,
          1,
          null,
          null,
          null,
          null,
          1,
          null,
          null,
          1,
          null,
          null,
          1,
          null,
          null,
          1,
          null,
          null,
          null,
          null,
          null,
          null,
          null
        ]
      },
      "/Users/sleazypete/turing_work/3mod/projects/whether_sweater/whether_sweater/config/initializers/cors.rb": {
        "lines": [
          null,
          null,
          null,
          null,
          null,
          null,
          null,
          null,
          null,
          null,
          null,
          null,
          null,
          null,
          null,
          null
        ]
      },
      "/Users/sleazypete/turing_work/3mod/projects/whether_sweater/whether_sweater/config/initializers/filter_parameter_logging.rb": {
        "lines": [
          null,
          null,
          null,
          null,
          null,
          1,
          null,
          null
        ]
      },
      "/Users/sleazypete/turing_work/3mod/projects/whether_sweater/whether_sweater/config/initializers/inflections.rb": {
        "lines": [
          null,
          null,
          null,
          null,
          null,
          null,
          null,
          null,
          null,
          null,
          null,
          null,
          null,
          null,
          null,
          null
        ]
      },
      "/Users/sleazypete/turing_work/3mod/projects/whether_sweater/whether_sweater/config/routes.rb": {
        "lines": [
          1,
          null,
          1,
          1,
          1,
          null,
          1,
          1,
          1,
          null,
          null,
          null,
          null,
          null
        ]
      },
      "/Users/sleazypete/turing_work/3mod/projects/whether_sweater/whether_sweater/spec/api/v0/requests/roadtrip_request_spec.rb": {
        "lines": [
          1,
          null,
          1,
          null,
          1,
          1,
          3,
          3,
          3,
          3,
          3,
          null,
          null,
          3,
          null,
          null,
          null,
          null,
          3,
          null,
          3,
          3,
          null,
          3,
          3,
          null,
          null,
          1,
          1,
          1,
          1,
          1,
          1,
          null,
          null,
          1,
          1,
          1,
          1,
          null,
          1,
          1,
          1,
          null,
          1,
          1,
          1,
          null,
          1,
          1,
          null,
          null,
          1,
          1,
          1,
          1,
          null,
          1,
          1,
          null,
          1,
          1,
          null,
          null,
          null,
          null,
          null
        ]
      },
      "/Users/sleazypete/turing_work/3mod/projects/whether_sweater/whether_sweater/spec/api/v0/requests/user_login_request_spec.rb": {
        "lines": [
          1,
          null,
          1,
          null,
          1,
          1,
          3,
          3,
          null,
          3,
          3,
          null,
          3,
          3,
          null,
          null,
          1,
          1,
          1,
          1,
          1,
          1,
          null,
          null,
          1,
          1,
          1,
          null,
          1,
          1,
          null,
          1,
          null,
          null,
          1,
          1,
          null,
          null,
          null,
          1,
          1,
          null,
          1,
          null,
          null,
          null,
          1,
          null,
          1,
          1,
          null,
          1,
          null,
          null,
          1,
          1,
          1,
          1,
          null,
          null,
          null
        ]
      },
      "/Users/sleazypete/turing_work/3mod/projects/whether_sweater/whether_sweater/spec/api/v0/requests/user_registration_request_spec.rb": {
        "lines": [
          1,
          null,
          1,
          null,
          1,
          1,
          null,
          3,
          null,
          null,
          null,
          null,
          3,
          null,
          3,
          3,
          null,
          3,
          3,
          null,
          null,
          1,
          1,
          1,
          1,
          1,
          1,
          null,
          null,
          1,
          1,
          1,
          null,
          1,
          1,
          null,
          1,
          null,
          null,
          1,
          1,
          null,
          null,
          null,
          1,
          1,
          null,
          1,
          null,
          null,
          null,
          null,
          1,
          null,
          1,
          1,
          null,
          null,
          1,
          1,
          1,
          null,
          1,
          null,
          1,
          1,
          1,
          null,
          null,
          null,
          1,
          1,
          null,
          1,
          null,
          null,
          null,
          null,
          1,
          null,
          1,
          1,
          null,
          null,
          1,
          1,
          1,
          null,
          1,
          null,
          1,
          1,
          1,
          null,
          null,
          null,
          1,
          1,
          null,
          1,
          null,
          null,
          null,
          null,
          1,
          null,
          1,
          1,
          null,
          1,
          1,
          null,
          1,
          null,
          1,
          1,
          1,
          null,
          null,
          1,
          null,
          1,
          null,
          null,
          null,
          null,
          1,
          null,
          1,
          1,
          null,
          1,
          1,
          null,
          1,
          null,
          1,
          1,
          1,
          null,
          null,
          null,
          1,
          1,
          null,
          1,
          null,
          null,
          null,
          null,
          1,
          null,
          1,
          1,
          null,
          1,
          1,
          null,
          1,
          null,
          1,
          1,
          1,
          null,
          null,
          null
        ]
      },
      "/Users/sleazypete/turing_work/3mod/projects/whether_sweater/whether_sweater/spec/facades/coordinate_facade_spec.rb": {
        "lines": [
          1,
          null,
          1,
          1,
          1,
          null,
          null,
          1,
          1,
          1,
          null,
          1,
          1,
          null,
          null
        ]
      },
      "/Users/sleazypete/turing_work/3mod/projects/whether_sweater/whether_sweater/app/facades/CoordinateFacade.rb": {
        "lines": [
          1,
          1,
          9,
          9,
          null,
          null,
          1,
          9,
          27,
          null,
          null
        ]
      },
      "/Users/sleazypete/turing_work/3mod/projects/whether_sweater/whether_sweater/spec/facades/weather_facade_spec.rb": {
        "lines": [
          1,
          null,
          1,
          1,
          3,
          null,
          null,
          1,
          1,
          1,
          null,
          1,
          1,
          null,
          null,
          1,
          1,
          1,
          null,
          1,
          1,
          1,
          null,
          null,
          1,
          1,
          1,
          null,
          1,
          1,
          1,
          null,
          null
        ]
      },
      "/Users/sleazypete/turing_work/3mod/projects/whether_sweater/whether_sweater/app/facades/WeatherFacade.rb": {
        "lines": [
          1,
          1,
          21,
          null,
          null,
          1,
          6,
          null,
          null,
          1,
          6,
          null,
          null,
          1,
          6,
          null,
          null,
          1,
          3,
          null,
          null,
          1,
          null,
          1,
          21,
          null,
          null,
          1,
          6,
          6,
          null,
          null,
          1,
          6,
          6,
          null,
          null,
          1,
          6,
          6,
          null,
          null,
          1,
          3,
          3,
          null,
          null
        ]
      },
      "/Users/sleazypete/turing_work/3mod/projects/whether_sweater/whether_sweater/spec/poros/current_weather_poro_spec.rb": {
        "lines": [
          1,
          null,
          1,
          1,
          1,
          null,
          null,
          null,
          null,
          null,
          null,
          null,
          null,
          null,
          null,
          null,
          null,
          null,
          null,
          null,
          null,
          null,
          null,
          null,
          null,
          null,
          null,
          null,
          1,
          null,
          1,
          1,
          0,
          0,
          0,
          0,
          0,
          0,
          0,
          null,
          null
        ]
      },
      "/Users/sleazypete/turing_work/3mod/projects/whether_sweater/whether_sweater/app/poro/current_weather.rb": {
        "lines": [
          1,
          1,
          7,
          7,
          7,
          7,
          7,
          7,
          7,
          7,
          7,
          null,
          null,
          1,
          6,
          null,
          null,
          null,
          null,
          null,
          null,
          null,
          null,
          null,
          null
        ]
      },
      "/Users/sleazypete/turing_work/3mod/projects/whether_sweater/whether_sweater/spec/poros/daily_weather_poro_spec.rb": {
        "lines": [
          1,
          null,
          1,
          1,
          0,
          null,
          null,
          null,
          null,
          null,
          null,
          null,
          null,
          null,
          null,
          null,
          null,
          null,
          null,
          null,
          null,
          null,
          null,
          null,
          null,
          null,
          null,
          null,
          0,
          null,
          0,
          0,
          0,
          0,
          0,
          0,
          0,
          0,
          0,
          null,
          null
        ]
      },
      "/Users/sleazypete/turing_work/3mod/projects/whether_sweater/whether_sweater/app/poro/daily_weather.rb": {
        "lines": [
          1,
          1,
          6,
          6,
          6,
          6,
          30,
          30,
          30,
          30,
          30,
          30,
          30,
          30,
          null,
          null,
          null,
          1,
          6,
          null,
          null
        ]
      },
      "/Users/sleazypete/turing_work/3mod/projects/whether_sweater/whether_sweater/spec/services/coordinate_service_spec.rb": {
        "lines": [
          1,
          null,
          1,
          1,
          1,
          1,
          1,
          1,
          null,
          null,
          1,
          1,
          1,
          0,
          null,
          null,
          null,
          null
        ]
      },
      "/Users/sleazypete/turing_work/3mod/projects/whether_sweater/whether_sweater/app/services/CoordinateService.rb": {
        "lines": [
          1,
          1,
          11,
          11,
          null,
          null,
          null,
          1,
          10,
          null,
          null
        ]
      },
      "/Users/sleazypete/turing_work/3mod/projects/whether_sweater/whether_sweater/spec/services/weather_service_spec.rb": {
        "lines": [
          1,
          null,
          1,
          1,
          1,
          1,
          1,
          1,
          null,
          null,
          1,
          1,
          1,
          1,
          1,
          null,
          null,
          null,
          null
        ]
      },
      "/Users/sleazypete/turing_work/3mod/projects/whether_sweater/whether_sweater/app/services/WeatherService.rb": {
        "lines": [
          1,
          1,
          23,
          23,
          null,
          null,
          null,
          1,
          22,
          null,
          null
        ]
      },
      "/Users/sleazypete/turing_work/3mod/projects/whether_sweater/whether_sweater/app/controllers/api/v0/forecasts_controller.rb": {
        "lines": [
          1,
          1,
          5,
          5,
          5,
          5,
          null,
          null,
          1,
          null,
          1,
          5,
          null,
          null,
          1,
          5,
          null,
          null,
          1,
          5,
          null,
          null,
          1,
          5,
          5,
          5,
          null,
          5,
          null,
          null
        ]
      },
      "/Users/sleazypete/turing_work/3mod/projects/whether_sweater/whether_sweater/app/controllers/application_controller.rb": {
        "lines": [
          1,
          1,
          6,
          null,
          null,
          null,
          1,
          8,
          null,
          null
        ]
      },
      "/Users/sleazypete/turing_work/3mod/projects/whether_sweater/whether_sweater/app/poro/hourly_weather.rb": {
        "lines": [
          1,
          null,
          1,
          6,
          6,
          6,
          6,
          144,
          144,
          144,
          144,
          144,
          null,
          null,
          null,
          1,
          6,
          null,
          null,
          null,
          null,
          null,
          null,
          null,
          null,
          null,
          null,
          null
        ]
      },
      "/Users/sleazypete/turing_work/3mod/projects/whether_sweater/whether_sweater/app/poro/forecast.rb": {
        "lines": [
          1,
          1,
          null,
          1,
          5,
          5,
          5,
          5,
          null,
          null,
          null
        ]
      },
      "/Users/sleazypete/turing_work/3mod/projects/whether_sweater/whether_sweater/app/serializers/forecast_serializer.rb": {
        "lines": [
          1,
          1,
          1,
          null
        ]
      },
      "/Users/sleazypete/turing_work/3mod/projects/whether_sweater/whether_sweater/app/models/user.rb": {
        "lines": [
          1,
          1,
          1,
          null,
          1,
          1,
          1,
          null,
          1,
          1,
          9,
          9,
          null,
          null
        ]
      },
      "/Users/sleazypete/turing_work/3mod/projects/whether_sweater/whether_sweater/app/models/application_record.rb": {
        "lines": [
          1,
          1,
          null
        ]
      },
      "/Users/sleazypete/turing_work/3mod/projects/whether_sweater/whether_sweater/app/controllers/api/v0/users_controller.rb": {
        "lines": [
          1,
          1,
          8,
          1,
          7,
          3,
          4,
          1,
          null,
          3,
          3,
          null,
          null,
          null,
          1,
          7,
          7,
          6,
          6,
          null,
          1,
          null,
          null,
          null,
          1,
          1,
          3,
          null,
          null
        ]
      },
      "/Users/sleazypete/turing_work/3mod/projects/whether_sweater/whether_sweater/app/serializers/users_serializer.rb": {
        "lines": [
          1,
          1,
          1,
          null
        ]
      },
      "/Users/sleazypete/turing_work/3mod/projects/whether_sweater/whether_sweater/app/controllers/api/v0/road_trips_controller.rb": {
        "lines": [
          1,
          1,
          null,
          1,
          3,
          3,
          null,
          3,
          3,
          null,
          3,
          null,
          null,
          1,
          1,
          3,
          0,
          null,
          3,
          3,
          3,
          null,
          null,
          null,
          1,
          0,
          0,
          0,
          null,
          null,
          1,
          0,
          null,
          null
        ]
      },
      "/Users/sleazypete/turing_work/3mod/projects/whether_sweater/whether_sweater/app/facades/RoadTripFacade.rb": {
        "lines": [
          1,
          1,
          3,
          3,
          null,
          null,
          1,
          3,
          3,
          null,
          3,
          3,
          0,
          null,
          null,
          3,
          null,
          3,
          3,
          3,
          3,
          null,
          3,
          null,
          null,
          null,
          1,
          1,
          6,
          6,
          6,
          6,
          null,
          null,
          1,
          3,
          3,
          3,
          null,
          null,
          1,
          3,
          null,
          null
        ]
      },
      "/Users/sleazypete/turing_work/3mod/projects/whether_sweater/whether_sweater/app/services/RoadTripService.rb": {
        "lines": [
          1,
          1,
          3,
          3,
          null,
          null,
          null,
          1,
          null,
          3,
          null,
          null,
          null,
          null,
          3,
          3,
          3,
          null,
          null
        ]
      },
      "/Users/sleazypete/turing_work/3mod/projects/whether_sweater/whether_sweater/app/poro/eta_weather.rb": {
        "lines": [
          1,
          1,
          null,
          1,
          3,
          3,
          null,
          3,
          9,
          66,
          null,
          3,
          3,
          3,
          3,
          null,
          null,
          1,
          3,
          3,
          0,
          null,
          3,
          0,
          null,
          3,
          null,
          null,
          null,
          1,
          3,
          null,
          null,
          null,
          null,
          null
        ]
      },
      "/Users/sleazypete/turing_work/3mod/projects/whether_sweater/whether_sweater/app/poro/road_trip.rb": {
        "lines": [
          1,
          1,
          null,
          1,
          3,
          3,
          3,
          3,
          3,
          null,
          null,
          null
        ]
      },
      "/Users/sleazypete/turing_work/3mod/projects/whether_sweater/whether_sweater/app/serializers/road_trip_serializer.rb": {
        "lines": [
          1,
          1,
          1,
          null
        ]
      },
      "/Users/sleazypete/turing_work/3mod/projects/whether_sweater/whether_sweater/app/serializers/error_serializer.rb": {
        "lines": [
          1,
          1,
          6,
          null,
          null,
          1,
          null,
          6,
          null,
          null,
          null,
          null,
          null,
          null,
          null,
          null
        ]
      },
      "/Users/sleazypete/turing_work/3mod/projects/whether_sweater/whether_sweater/app/poro/error_message.rb": {
        "lines": [
          1,
          1,
          null,
          1,
          6,
          6,
          null,
          null
        ]
      }
    },
    "timestamp": 1705488926
  }
}
